2019.12.26 01:38 B C:\Users\tee\Documents\Homepage Audiophil Dreams ab 12262019\bilder\naim-audio\xps\Naim XPS Burndy Kabel.jpg --> www.audiophil-dreams.com /httpdocs/bilder/naim-audio/xps Naim XPS Burndy Kabel.jpg
2019.12.26 01:38 B C:\Users\tee\Documents\Homepage Audiophil Dreams ab 12262019\bilder\naim-audio\xps\Naim XPS detail 230V eingang.jpg --> www.audiophil-dreams.com /httpdocs/bilder/naim-audio/xps Naim XPS detail 230V eingang.jpg
2019.12.26 01:38 B C:\Users\tee\Documents\Homepage Audiophil Dreams ab 12262019\bilder\naim-audio\xps\Naim XPS detail output stecker.jpg --> www.audiophil-dreams.com /httpdocs/bilder/naim-audio/xps Naim XPS detail output stecker.jpg
2019.12.26 01:39 B C:\Users\tee\Documents\Homepage Audiophil Dreams ab 12262019\bilder\naim-audio\xps\Naim XPS hinten mit Burndy Kabel 2.jpg --> www.audiophil-dreams.com /httpdocs/bilder/naim-audio/xps Naim XPS hinten mit Burndy Kabel 2.jpg
2019.12.26 01:39 B C:\Users\tee\Documents\Homepage Audiophil Dreams ab 12262019\bilder\naim-audio\xps\Naim XPS hinten mit Burndy Kabel.jpg --> www.audiophil-dreams.com /httpdocs/bilder/naim-audio/xps Naim XPS hinten mit Burndy Kabel.jpg
2019.12.26 01:39 B C:\Users\tee\Documents\Homepage Audiophil Dreams ab 12262019\bilder\naim-audio\xps\Naim XPS Kleber Hinten.jpg --> www.audiophil-dreams.com /httpdocs/bilder/naim-audio/xps Naim XPS Kleber Hinten.jpg
2019.12.26 01:39 B C:\Users\tee\Documents\Homepage Audiophil Dreams ab 12262019\bilder\naim-audio\xps\Naim XPS Logo gruen beleuchtet.jpg --> www.audiophil-dreams.com /httpdocs/bilder/naim-audio/xps Naim XPS Logo gruen beleuchtet.jpg
2019.12.26 01:39 B C:\Users\tee\Documents\Homepage Audiophil Dreams ab 12262019\bilder\naim-audio\xps\Naim XPS von hinten.jpg --> www.audiophil-dreams.com /httpdocs/bilder/naim-audio/xps Naim XPS von hinten.jpg
2019.12.26 01:39 B C:\Users\tee\Documents\Homepage Audiophil Dreams ab 12262019\bilder\naim-audio\xps\Naim XPS von Oben 2.jpg --> www.audiophil-dreams.com /httpdocs/bilder/naim-audio/xps Naim XPS von Oben 2.jpg
2019.12.26 01:39 B C:\Users\tee\Documents\Homepage Audiophil Dreams ab 12262019\bilder\naim-audio\xps\Naim XPS von Oben.jpg --> www.audiophil-dreams.com /httpdocs/bilder/naim-audio/xps Naim XPS von Oben.jpg
2019.12.26 01:39 B C:\Users\tee\Documents\Homepage Audiophil Dreams ab 12262019\bilder\naim-audio\xps\naim-audio-xps-dr-gimp-inkl-preis-1000px-high-end-netzteil-bei-audiophil-dreams-in-8713-uerikon-schweiz.jpg --> www.audiophil-dreams.com /httpdocs/bilder/naim-audio/xps naim-audio-xps-dr-gimp-inkl-preis-1000px-high-end-netzteil-bei-audiophil-dreams-in-8713-uerikon-schweiz.jpg
2019.12.26 01:39 B C:\Users\tee\Documents\Homepage Audiophil Dreams ab 12262019\bilder\naim-audio\xps\naim-audio-xps-dr-gimp-inkl-preis-high-end-netzteil-bei-audiophil-dreams-in-8713-uerikon-schweiz.jpg --> www.audiophil-dreams.com /httpdocs/bilder/naim-audio/xps naim-audio-xps-dr-gimp-inkl-preis-high-end-netzteil-bei-audiophil-dreams-in-8713-uerikon-schweiz.jpg
2019.12.26 01:39 B C:\Users\tee\Documents\Homepage Audiophil Dreams ab 12262019\bilder\naim-audio\xps\naim-audio-xps-dr-gimp-inkl-preis-high-end-netzteil-bei-audiophil-dreams-in-8713-uerikon-schweiz.xcf --> www.audiophil-dreams.com /httpdocs/bilder/naim-audio/xps naim-audio-xps-dr-gimp-inkl-preis-high-end-netzteil-bei-audiophil-dreams-in-8713-uerikon-schweiz.xcf
2019.12.26 01:39 B C:\Users\tee\Documents\Homepage Audiophil Dreams ab 12262019\bilder\naim-audio\xps\naim-xps-586.jpg --> www.audiophil-dreams.com /httpdocs/bilder/naim-audio/xps naim-xps-586.jpg
2019.12.26 01:39 B C:\Users\tee\Documents\Homepage Audiophil Dreams ab 12262019\bilder\naim-audio\xps\naim-xps-bei-audiophil-dreams-8713-uerikon-schweiz.jpg --> www.audiophil-dreams.com /httpdocs/bilder/naim-audio/xps naim-xps-bei-audiophil-dreams-8713-uerikon-schweiz.jpg
2019.12.26 01:39 B C:\Users\tee\Documents\Homepage Audiophil Dreams ab 12262019\bilder\naim-audio\xps\naim-xps-burndy-kabel-stecker-detail-bei-audiophil-dreams-8713-uerikon-schweiz.jpg --> www.audiophil-dreams.com /httpdocs/bilder/naim-audio/xps naim-xps-burndy-kabel-stecker-detail-bei-audiophil-dreams-8713-uerikon-schweiz.jpg
2019.12.26 01:39 B C:\Users\tee\Documents\Homepage Audiophil Dreams ab 12262019\bilder\naim-audio\xps\naim-xps-detail-burndy-eingangsbuchse-bei-audiophil-dreams-8713-uerikon-schweiz.jpg --> www.audiophil-dreams.com /httpdocs/bilder/naim-audio/xps naim-xps-detail-burndy-eingangsbuchse-bei-audiophil-dreams-8713-uerikon-schweiz.jpg
2019.12.26 01:39 B C:\Users\tee\Documents\Homepage Audiophil Dreams ab 12262019\bilder\naim-audio\xps\naim-xps-hinten-mit-burndy-kabel-2-bei-audiophil-dreams-8713-uerikon-schweiz.jpg --> www.audiophil-dreams.com /httpdocs/bilder/naim-audio/xps naim-xps-hinten-mit-burndy-kabel-2-bei-audiophil-dreams-8713-uerikon-schweiz.jpg
2019.12.26 01:39 B C:\Users\tee\Documents\Homepage Audiophil Dreams ab 12262019\bilder\naim-audio\xps\naim-xps-hinten-mit-burndy-kabel-bei-audiophil-dreams-8713-uerikon-schweiz.jpg --> www.audiophil-dreams.com /httpdocs/bilder/naim-audio/xps naim-xps-hinten-mit-burndy-kabel-bei-audiophil-dreams-8713-uerikon-schweiz.jpg
2019.12.26 01:39 B C:\Users\tee\Documents\Homepage Audiophil Dreams ab 12262019\bilder\naim-audio\xps\naim-xps-innenleben-bei-audiophil-dreams-8713-uerikon-schweiz.jpg --> www.audiophil-dreams.com /httpdocs/bilder/naim-audio/xps naim-xps-innenleben-bei-audiophil-dreams-8713-uerikon-schweiz.jpg
2019.12.26 01:39 B C:\Users\tee\Documents\Homepage Audiophil Dreams ab 12262019\bilder\naim-audio\xps\naim-xps-spannungsregler-mit-dr-technologie-bei-audiophil-dreams-8713-uerikon-schweiz.jpg --> www.audiophil-dreams.com /httpdocs/bilder/naim-audio/xps naim-xps-spannungsregler-mit-dr-technologie-bei-audiophil-dreams-8713-uerikon-schweiz.jpg
2019.12.26 01:39 B C:\Users\tee\Documents\Homepage Audiophil Dreams ab 12262019\bilder\naim-audio\xps\naim-xps-von-hinten-bei-audiophil-dreams-8713-uerikon-schweiz.jpg --> www.audiophil-dreams.com /httpdocs/bilder/naim-audio/xps naim-xps-von-hinten-bei-audiophil-dreams-8713-uerikon-schweiz.jpg
2019.12.26 01:39 B C:\Users\tee\Documents\Homepage Audiophil Dreams ab 12262019\bilder\naim-audio\xps\naim-xps-von-oben-bei-audiophil-dreams-8713-uerikon-schweiz.jpg --> www.audiophil-dreams.com /httpdocs/bilder/naim-audio/xps naim-xps-von-oben-bei-audiophil-dreams-8713-uerikon-schweiz.jpg
2019.12.26 01:39 B C:\Users\tee\Documents\Homepage Audiophil Dreams ab 12262019\bilder\naim-audio\xps\naim-xps-vorne-bei-audiophil-dreams-8713-uerikon-schweiz.jpg --> www.audiophil-dreams.com /httpdocs/bilder/naim-audio/xps naim-xps-vorne-bei-audiophil-dreams-8713-uerikon-schweiz.jpg
2019.12.26 01:39 B C:\Users\tee\Documents\Homepage Audiophil Dreams ab 12262019\bilder\naim-audio\xps\naim-xps-vorne-sw-bei-audiophil-dreams-8713-uerikon-schweiz.jpg --> www.audiophil-dreams.com /httpdocs/bilder/naim-audio/xps naim-xps-vorne-sw-bei-audiophil-dreams-8713-uerikon-schweiz.jpg
2019.12.26 01:39 B C:\Users\tee\Documents\Homepage Audiophil Dreams ab 12262019\bilder\naim-audio\xps\Thumbs.db --> www.audiophil-dreams.com /httpdocs/bilder/naim-audio/xps Thumbs.db
2019.12.26 01:39 B C:\Users\tee\Documents\Homepage Audiophil Dreams ab 12262019\bilder\naim-audio\xps\XPS Innenleben.jpg --> www.audiophil-dreams.com /httpdocs/bilder/naim-audio/xps XPS Innenleben.jpg
2019.12.26 01:39 B C:\Users\tee\Documents\Homepage Audiophil Dreams ab 12262019\bilder\naim-audio\xps\xps-dr.png --> www.audiophil-dreams.com /httpdocs/bilder/naim-audio/xps xps-dr.png
2020.02.03 10:30 B C:\Users\joffrey\Documents\Homepage Audiophil Dreams ab 12262019\bilder\naim-audio\xps\naim-audio-xps-dr-gimp-inkl-preis-high-end-netzteil-bei-audiophil-dreams-in-8713-uerikon-schweiz.jpg --> audiophil-dreams.com /httpdocs/bilder/naim-audio/xps naim-audio-xps-dr-gimp-inkl-preis-high-end-netzteil-bei-audiophil-dreams-in-8713-uerikon-schweiz.jpg
